#
# There is insufficient memory for the Java Runtime Environment to continue.
# Native memory allocation (mmap) failed to map 41943040 bytes for committing reserved memory.
# Possible reasons:
#   The system is out of physical RAM or swap space
#   In 32 bit mode, the process size limit was hit
# Possible solutions:
#   Reduce memory load on the system
#   Increase physical memory or swap space
#   Check if swap backing store is full
#   Use 64 bit Java on a 64 bit OS
#   Decrease Java heap size (-Xmx/-Xms)
#   Decrease number of Java threads
#   Decrease Java thread stack sizes (-Xss)
#   Set larger code cache with -XX:ReservedCodeCacheSize=
# This output file may be truncated or incomplete.
#
#  Out of Memory Error (os_linux.cpp:2627), pid=7651, tid=0x00007fb14dafa700
#
# JRE version: Java(TM) SE Runtime Environment (8.0_101-b13) (build 1.8.0_101-b13)
# Java VM: Java HotSpot(TM) 64-Bit Server VM (25.101-b13 mixed mode linux-amd64 compressed oops)
# Failed to write core dump. Core dumps have been disabled. To enable core dumping, try "ulimit -c unlimited" before starting Java again
#

---------------  T H R E A D  ---------------

Current thread (0x00007fb164078000):  VMThread [stack: 0x00007fb14d9fa000,0x00007fb14dafb000] [id=7681]

Stack: [0x00007fb14d9fa000,0x00007fb14dafb000],  sp=0x00007fb14daf8fa0,  free space=1019k
Native frames: (J=compiled Java code, j=interpreted, Vv=VM code, C=native code)
V  [libjvm.so+0xac3f0a]  VMError::report_and_die()+0x2ba
V  [libjvm.so+0x4fbf9b]  report_vm_out_of_memory(char const*, int, unsigned long, VMErrorType, char const*)+0x8b
V  [libjvm.so+0x9222d3]  os::Linux::commit_memory_impl(char*, unsigned long, bool)+0x103
V  [libjvm.so+0x922829]  os::pd_commit_memory(char*, unsigned long, unsigned long, bool)+0x29
V  [libjvm.so+0x91cb2a]  os::commit_memory(char*, unsigned long, unsigned long, bool)+0x2a
V  [libjvm.so+0x991053]  PSVirtualSpace::expand_by(unsigned long)+0x53
V  [libjvm.so+0x992458]  PSYoungGen::resize_generation(unsigned long, unsigned long)+0xf8
V  [libjvm.so+0x9915b2]  PSYoungGen::resize(unsigned long, unsigned long)+0x22
V  [libjvm.so+0x98e88b]  PSScavenge::invoke_no_policy()+0xf3b
V  [libjvm.so+0x98f011]  PSScavenge::invoke()+0x41
V  [libjvm.so+0x945fc0]  ParallelScavengeHeap::failed_mem_allocate(unsigned long)+0x70
V  [libjvm.so+0xac5927]  VM_ParallelGCFailedAllocation::doit()+0x97
V  [libjvm.so+0xacd405]  VM_Operation::evaluate()+0x55
V  [libjvm.so+0xacb7da]  VMThread::evaluate_operation(VM_Operation*)+0xba
V  [libjvm.so+0xacbb5e]  VMThread::loop()+0x1ce
V  [libjvm.so+0xacbfd0]  VMThread::run()+0x70
V  [libjvm.so+0x924698]  java_start(Thread*)+0x108

VM_Operation (0x00007fb14c8f0d90): ParallelGCFailedAllocation, mode: safepoint, requested by thread 0x00007fb16414b000


---------------  P R O C E S S  ---------------

Java Threads: ( => current thread )
  0x00007fb16414e800 JavaThread "pool-1-thread-4" [_thread_blocked, id=7728, stack(0x00007fb14c5f0000,0x00007fb14c6f1000)]
  0x00007fb16414c800 JavaThread "pool-1-thread-3" [_thread_blocked, id=7726, stack(0x00007fb14c6f1000,0x00007fb14c7f2000)]
  0x00007fb16414b000 JavaThread "pool-1-thread-2" [_thread_blocked, id=7724, stack(0x00007fb14c7f2000,0x00007fb14c8f3000)]
  0x00007fb164149800 JavaThread "pool-2-thread-1" [_thread_blocked, id=7723, stack(0x00007fb14c8f3000,0x00007fb14c9f4000)]
  0x00007fb164148800 JavaThread "pool-1-thread-1" [_thread_blocked, id=7721, stack(0x00007fb14c9f4000,0x00007fb14caf5000)]
  0x00007fb1640ca800 JavaThread "Service Thread" daemon [_thread_blocked, id=7712, stack(0x00007fb14cbf6000,0x00007fb14ccf7000)]
  0x00007fb1640bf000 JavaThread "C1 CompilerThread2" daemon [_thread_blocked, id=7708, stack(0x00007fb14ccf7000,0x00007fb14cdf8000)]
  0x00007fb1640bd000 JavaThread "C2 CompilerThread1" daemon [_thread_blocked, id=7707, stack(0x00007fb14cdf8000,0x00007fb14cef9000)]
  0x00007fb1640ba800 JavaThread "C2 CompilerThread0" daemon [_thread_in_native, id=7700, stack(0x00007fb14cef9000,0x00007fb14cffa000)]
  0x00007fb1640b8800 JavaThread "Signal Dispatcher" daemon [_thread_blocked, id=7699, stack(0x00007fb14cffa000,0x00007fb14d0fb000)]
  0x00007fb164084800 JavaThread "Finalizer" daemon [_thread_blocked, id=7692, stack(0x00007fb14d7f8000,0x00007fb14d8f9000)]
  0x00007fb164080000 JavaThread "Reference Handler" daemon [_thread_blocked, id=7685, stack(0x00007fb14d8f9000,0x00007fb14d9fa000)]
  0x00007fb16400a000 JavaThread "main" [_thread_blocked, id=7655, stack(0x00007fb16c156000,0x00007fb16c257000)]

Other Threads:
=>0x00007fb164078000 VMThread [stack: 0x00007fb14d9fa000,0x00007fb14dafb000] [id=7681]
  0x00007fb1640cd000 WatcherThread [stack: 0x00007fb14caf5000,0x00007fb14cbf6000] [id=7715]

VM state:at safepoint (normal execution)

VM Mutex/Monitor currently owned by a thread:  ([mutex/lock_event])
[0x00007fb164006570] Threads_lock - owner thread: 0x00007fb164078000
[0x00007fb164006a70] Heap_lock - owner thread: 0x00007fb16414b000

Heap:
 PSYoungGen      total 32768K, used 2016K [0x00000000eab00000, 0x00000000ecd00000, 0x0000000100000000)
  eden space 30720K, 0% used [0x00000000eab00000,0x00000000eab00000,0x00000000ec900000)
  from space 2048K, 98% used [0x00000000ec900000,0x00000000ecaf8028,0x00000000ecb00000)
  to   space 2048K, 0% used [0x00000000ecb00000,0x00000000ecb00000,0x00000000ecd00000)
 ParOldGen       total 39936K, used 13361K [0x00000000c0000000, 0x00000000c2700000, 0x00000000eab00000)
  object space 39936K, 33% used [0x00000000c0000000,0x00000000c0d0c498,0x00000000c2700000)
 Metaspace       used 5879K, capacity 6896K, committed 7040K, reserved 1056768K
  class space    used 592K, capacity 616K, committed 640K, reserved 1048576K

Card table byte_map: [0x00007fb168d0a000,0x00007fb168f0b000] byte_map_base: 0x00007fb16870a000

Marking Bits: (ParMarkBitMap*) 0x00007fb16b62d120
 Begin Bits: [0x00007fb14e000000, 0x00007fb14f000000)
 End Bits:   [0x00007fb14f000000, 0x00007fb150000000)

Polling page: 0x00007fb16c27c000

CodeCache: size=245760Kb used=3757Kb max_used=3757Kb free=242002Kb
 bounds [0x00007fb155000000, 0x00007fb1553b0000, 0x00007fb164000000]
 total_blobs=1319 nmethods=1051 adapters=182
 compilation: enabled

Compilation events (10 events):
Event: 3,209 Thread 0x00007fb1640bf000 nmethod 1284 0x00007fb15539c390 code [0x00007fb15539c760, 0x00007fb15539de08]
Event: 3,209 Thread 0x00007fb1640bf000 1303       3       com.android.dx.ssa.SCCP::simulateBranch (666 bytes)
Event: 3,247 Thread 0x00007fb1640bf000 nmethod 1303 0x00007fb1553a0750 code [0x00007fb1553a0c00, 0x00007fb1553a4738]
Event: 3,247 Thread 0x00007fb1640bf000 1317 %     3       com.android.dx.rop.code.RegisterSpecSet::mutableCopy @ 17 (57 bytes)
Event: 3,253 Thread 0x00007fb1640bf000 nmethod 1317% 0x00007fb1553a6450 code [0x00007fb1553a6600, 0x00007fb1553a6c68]
Event: 3,253 Thread 0x00007fb1640bf000 1309 %     3       com.android.dx.rop.code.LocalVariableExtractor::processBlock @ 68 (327 bytes)
Event: 3,292 Thread 0x00007fb1640bf000 nmethod 1309% 0x00007fb1553a6fd0 code [0x00007fb1553a7460, 0x00007fb1553ab078]
Event: 3,296 Thread 0x00007fb1640bf000 1326       3       com.android.dx.rop.code.RegisterSpecSet::mutableCopy (57 bytes)
Event: 3,312 Thread 0x00007fb1640bf000 nmethod 1326 0x00007fb1553ad610 code [0x00007fb1553ad7c0, 0x00007fb1553add88]
Event: 3,312 Thread 0x00007fb1640bf000 1324       3       com.android.dx.ssa.SCCP::simulateBlock (54 bytes)

GC Heap History (9 events):
Event: 0,784 GC heap before
{Heap before GC invocations=1 (full 0):
 PSYoungGen      total 17408K, used 15360K [0x00000000eab00000, 0x00000000ebe00000, 0x0000000100000000)
  eden space 15360K, 100% used [0x00000000eab00000,0x00000000eba00000,0x00000000eba00000)
  from space 2048K, 0% used [0x00000000ebc00000,0x00000000ebc00000,0x00000000ebe00000)
  to   space 2048K, 0% used [0x00000000eba00000,0x00000000eba00000,0x00000000ebc00000)
 ParOldGen       total 39936K, used 0K [0x00000000c0000000, 0x00000000c2700000, 0x00000000eab00000)
  object space 39936K, 0% used [0x00000000c0000000,0x00000000c0000000,0x00000000c2700000)
 Metaspace       used 5214K, capacity 6320K, committed 6528K, reserved 1056768K
  class space    used 576K, capacity 616K, committed 640K, reserved 1048576K
Event: 0,790 GC heap after
Heap after GC invocations=1 (full 0):
 PSYoungGen      total 17408K, used 2020K [0x00000000eab00000, 0x00000000ebe00000, 0x0000000100000000)
  eden space 15360K, 0% used [0x00000000eab00000,0x00000000eab00000,0x00000000eba00000)
  from space 2048K, 98% used [0x00000000eba00000,0x00000000ebbf9290,0x00000000ebc00000)
  to   space 2048K, 0% used [0x00000000ebc00000,0x00000000ebc00000,0x00000000ebe00000)
 ParOldGen       total 39936K, used 1014K [0x00000000c0000000, 0x00000000c2700000, 0x00000000eab00000)
  object space 39936K, 2% used [0x00000000c0000000,0x00000000c00fd988,0x00000000c2700000)
 Metaspace       used 5214K, capacity 6320K, committed 6528K, reserved 1056768K
  class space    used 576K, capacity 616K, committed 640K, reserved 1048576K
}
Event: 1,527 GC heap before
{Heap before GC invocations=2 (full 0):
 PSYoungGen      total 17408K, used 17380K [0x00000000eab00000, 0x00000000ebe00000, 0x0000000100000000)
  eden space 15360K, 100% used [0x00000000eab00000,0x00000000eba00000,0x00000000eba00000)
  from space 2048K, 98% used [0x00000000eba00000,0x00000000ebbf9290,0x00000000ebc00000)
  to   space 2048K, 0% used [0x00000000ebc00000,0x00000000ebc00000,0x00000000ebe00000)
 ParOldGen       total 39936K, used 1014K [0x00000000c0000000, 0x00000000c2700000, 0x00000000eab00000)
  object space 39936K, 2% used [0x00000000c0000000,0x00000000c00fd988,0x00000000c2700000)
 Metaspace       used 5736K, capacity 6768K, committed 7040K, reserved 1056768K
  class space    used 591K, capacity 616K, committed 640K, reserved 1048576K
Event: 1,567 GC heap after
Heap after GC invocations=2 (full 0):
 PSYoungGen      total 17408K, used 2039K [0x00000000eab00000, 0x00000000ecd00000, 0x0000000100000000)
  eden space 15360K, 0% used [0x00000000eab00000,0x00000000eab00000,0x00000000eba00000)
  from space 2048K, 99% used [0x00000000ebc00000,0x00000000ebdfdca8,0x00000000ebe00000)
  to   space 2048K, 0% used [0x00000000eba00000,0x00000000eba00000,0x00000000ebc00000)
 ParOldGen       total 39936K, used 3366K [0x00000000c0000000, 0x00000000c2700000, 0x00000000eab00000)
  object space 39936K, 8% used [0x00000000c0000000,0x00000000c03498b8,0x00000000c2700000)
 Metaspace       used 5736K, capacity 6768K, committed 7040K, reserved 1056768K
  class space    used 591K, capacity 616K, committed 640K, reserved 1048576K
}
Event: 2,038 GC heap before
{Heap before GC invocations=3 (full 0):
 PSYoungGen      total 17408K, used 17399K [0x00000000eab00000, 0x00000000ecd00000, 0x0000000100000000)
  eden space 15360K, 100% used [0x00000000eab00000,0x00000000eba00000,0x00000000eba00000)
  from space 2048K, 99% used [0x00000000ebc00000,0x00000000ebdfdca8,0x00000000ebe00000)
  to   space 2048K, 0% used [0x00000000eba00000,0x00000000eba00000,0x00000000ebc00000)
 ParOldGen       total 39936K, used 3366K [0x00000000c0000000, 0x00000000c2700000, 0x00000000eab00000)
  object space 39936K, 8% used [0x00000000c0000000,0x00000000c03498b8,0x00000000c2700000)
 Metaspace       used 5767K, capacity 6768K, committed 7040K, reserved 1056768K
  class space    used 591K, capacity 616K, committed 640K, reserved 1048576K
Event: 2,090 GC heap after
Heap after GC invocations=3 (full 0):
 PSYoungGen      total 17408K, used 2016K [0x00000000eab00000, 0x00000000ecd00000, 0x0000000100000000)
  eden space 15360K, 0% used [0x00000000eab00000,0x00000000eab00000,0x00000000eba00000)
  from space 2048K, 98% used [0x00000000eba00000,0x00000000ebbf8028,0x00000000ebc00000)
  to   space 2048K, 0% used [0x00000000ecb00000,0x00000000ecb00000,0x00000000ecd00000)
 ParOldGen       total 39936K, used 5627K [0x00000000c0000000, 0x00000000c2700000, 0x00000000eab00000)
  object space 39936K, 14% used [0x00000000c0000000,0x00000000c057ef78,0x00000000c2700000)
 Metaspace       used 5767K, capacity 6768K, committed 7040K, reserved 1056768K
  class space    used 591K, capacity 616K, committed 640K, reserved 1048576K
}
Event: 2,586 GC heap before
{Heap before GC invocations=4 (full 0):
 PSYoungGen      total 17408K, used 17376K [0x00000000eab00000, 0x00000000ecd00000, 0x0000000100000000)
  eden space 15360K, 100% used [0x00000000eab00000,0x00000000eba00000,0x00000000eba00000)
  from space 2048K, 98% used [0x00000000eba00000,0x00000000ebbf8028,0x00000000ebc00000)
  to   space 2048K, 0% used [0x00000000ecb00000,0x00000000ecb00000,0x00000000ecd00000)
 ParOldGen       total 39936K, used 5627K [0x00000000c0000000, 0x00000000c2700000, 0x00000000eab00000)
  object space 39936K, 14% used [0x00000000c0000000,0x00000000c057ef78,0x00000000c2700000)
 Metaspace       used 5807K, capacity 6832K, committed 7040K, reserved 1056768K
  class space    used 592K, capacity 616K, committed 640K, reserved 1048576K
Event: 2,632 GC heap after
Heap after GC invocations=4 (full 0):
 PSYoungGen      total 32768K, used 2016K [0x00000000eab00000, 0x00000000ecd00000, 0x0000000100000000)
  eden space 30720K, 0% used [0x00000000eab00000,0x00000000eab00000,0x00000000ec900000)
  from space 2048K, 98% used [0x00000000ecb00000,0x00000000eccf8028,0x00000000ecd00000)
  to   space 2048K, 0% used [0x00000000ec900000,0x00000000ec900000,0x00000000ecb00000)
 ParOldGen       total 39936K, used 8231K [0x00000000c0000000, 0x00000000c2700000, 0x00000000eab00000)
  object space 39936K, 20% used [0x00000000c0000000,0x00000000c0809e80,0x00000000c2700000)
 Metaspace       used 5807K, capacity 6832K, committed 7040K, reserved 1056768K
  class space    used 592K, capacity 616K, committed 640K, reserved 1048576K
}
Event: 3,314 GC heap before
{Heap before GC invocations=5 (full 0):
 PSYoungGen      total 32768K, used 32736K [0x00000000eab00000, 0x00000000ecd00000, 0x0000000100000000)
  eden space 30720K, 100% used [0x00000000eab00000,0x00000000ec900000,0x00000000ec900000)
  from space 2048K, 98% used [0x00000000ecb00000,0x00000000eccf8028,0x00000000ecd00000)
  to   space 2048K, 0% used [0x00000000ec900000,0x00000000ec900000,0x00000000ecb00000)
 ParOldGen       total 39936K, used 8231K [0x00000000c0000000, 0x00000000c2700000, 0x00000000eab00000)
  object space 39936K, 20% used [0x00000000c0000000,0x00000000c0809e80,0x00000000c2700000)
 Metaspace       used 5879K, capacity 6896K, committed 7040K, reserved 1056768K
  class space    used 592K, capacity 616K, committed 640K, reserved 1048576K

Deoptimization events (5 events):
Event: 0,518 Thread 0x00007fb16400a000 Uncommon trap: reason=unstable_if action=reinterpret pc=0x00007fb15513b208 method=java.lang.String.indexOf(II)I @ 49
Event: 0,939 Thread 0x00007fb16414e800 Uncommon trap: reason=unstable_if action=reinterpret pc=0x00007fb1551cbf4c method=java.util.HashMap.getNode(ILjava/lang/Object;)Ljava/util/HashMap$Node; @ 129
Event: 0,948 Thread 0x00007fb164148800 Uncommon trap: reason=unstable_if action=reinterpret pc=0x00007fb1551e422c method=java.util.BitSet.nextSetBit(I)I @ 87
Event: 1,941 Thread 0x00007fb16414b000 Uncommon trap: reason=null_check action=make_not_entrant pc=0x00007fb1552c36b8 method=com.android.dx.ssa.SsaRenamer.getLocalForNewReg(I)Lcom/android/dx/rop/code/LocalItem; @ 19
Event: 3,093 Thread 0x00007fb16400a000 Uncommon trap: reason=unstable_if action=reinterpret pc=0x00007fb1552e3344 method=com.android.dx.rop.code.RegisterSpecSet.<init>(I)V @ 2

Internal exceptions (3 events):
Event: 0,067 Thread 0x00007fb16400a000 Exception <a 'java/lang/NoSuchMethodError': Method sun.misc.Unsafe.defineClass(Ljava/lang/String;[BII)Ljava/lang/Class; name or signature does not match> (0x00000000eab07cc0) thrown at [/HUDSON3/workspace/8-2-build-linux-amd64/jdk8u101/7261/hotspot/src/sh
Event: 0,067 Thread 0x00007fb16400a000 Exception <a 'java/lang/NoSuchMethodError': Method sun.misc.Unsafe.prefetchRead(Ljava/lang/Object;J)V name or signature does not match> (0x00000000eab07fa8) thrown at [/HUDSON3/workspace/8-2-build-linux-amd64/jdk8u101/7261/hotspot/src/share/vm/prims/jni.c
Event: 1,941 Thread 0x00007fb16414b000 Implicit null exception at 0x00007fb1552c087d to 0x00007fb1552c3675

Events (10 events):
Event: 2,585 Executing VM operation: ParallelGCFailedAllocation
Event: 2,632 Executing VM operation: ParallelGCFailedAllocation done
Event: 2,963 loading class com/android/dx/cf/code/SwitchList
Event: 2,963 loading class com/android/dx/cf/code/SwitchList done
Event: 3,091 Thread 0x00007fb16400a000 Uncommon trap: trap_request=0xffffff65 fr.pc=0x00007fb1552e3344
Event: 3,093 Thread 0x00007fb16400a000 DEOPT PACKING pc=0x00007fb1552e3344 sp=0x00007fb16c2549c0
Event: 3,093 Thread 0x00007fb16400a000 DEOPT UNPACKING pc=0x00007fb155005229 sp=0x00007fb16c254910 mode 2
Event: 3,281 Thread 0x00007fb164148800 DEOPT PACKING pc=0x00007fb15538e54b sp=0x00007fb14caf2cc0
Event: 3,287 Thread 0x00007fb164148800 DEOPT UNPACKING pc=0x00007fb155047633 sp=0x00007fb14caf2a38 mode 0
Event: 3,312 Executing VM operation: ParallelGCFailedAllocation


Dynamic libraries:
00400000-00401000 r-xp 00000000 08:03 4605572                            /usr/lib/jvm/java-8-oracle/bin/java
00600000-00601000 rw-p 00000000 08:03 4605572                            /usr/lib/jvm/java-8-oracle/bin/java
01982000-019a3000 rw-p 00000000 00:00 0                                  [heap]
c0000000-c2700000 rw-p 00000000 00:00 0 
c2700000-eab00000 ---p 00000000 00:00 0 
eab00000-ecd00000 rw-p 00000000 00:00 0 
ef500000-100000000 ---p 00000000 00:00 0 
100000000-1000a0000 rw-p 00000000 00:00 0 
1000a0000-140000000 ---p 00000000 00:00 0 
7fb108000000-7fb108021000 rw-p 00000000 00:00 0 
7fb108021000-7fb10c000000 ---p 00000000 00:00 0 
7fb10c000000-7fb10c02b000 rw-p 00000000 00:00 0 
7fb10c02b000-7fb110000000 ---p 00000000 00:00 0 
7fb110000000-7fb110021000 rw-p 00000000 00:00 0 
7fb110021000-7fb114000000 ---p 00000000 00:00 0 
7fb114000000-7fb11402c000 rw-p 00000000 00:00 0 
7fb11402c000-7fb118000000 ---p 00000000 00:00 0 
7fb118000000-7fb118021000 rw-p 00000000 00:00 0 
7fb118021000-7fb11c000000 ---p 00000000 00:00 0 
7fb11c000000-7fb11c038000 rw-p 00000000 00:00 0 
7fb11c038000-7fb120000000 ---p 00000000 00:00 0 
7fb120000000-7fb1202d9000 rw-p 00000000 00:00 0 
7fb1202d9000-7fb124000000 ---p 00000000 00:00 0 
7fb124000000-7fb124021000 rw-p 00000000 00:00 0 
7fb124021000-7fb128000000 ---p 00000000 00:00 0 
7fb128000000-7fb128817000 rw-p 00000000 00:00 0 
7fb128817000-7fb12c000000 ---p 00000000 00:00 0 
7fb12c000000-7fb12c6b8000 rw-p 00000000 00:00 0 
7fb12c6b8000-7fb130000000 ---p 00000000 00:00 0 
7fb130000000-7fb130021000 rw-p 00000000 00:00 0 
7fb130021000-7fb134000000 ---p 00000000 00:00 0 
7fb134000000-7fb134021000 rw-p 00000000 00:00 0 
7fb134021000-7fb138000000 ---p 00000000 00:00 0 
7fb138000000-7fb13828d000 rw-p 00000000 00:00 0 
7fb13828d000-7fb13c000000 ---p 00000000 00:00 0 
7fb13c000000-7fb13c021000 rw-p 00000000 00:00 0 
7fb13c021000-7fb140000000 ---p 00000000 00:00 0 
7fb140000000-7fb140021000 rw-p 00000000 00:00 0 
7fb140021000-7fb144000000 ---p 00000000 00:00 0 
7fb144000000-7fb144021000 rw-p 00000000 00:00 0 
7fb144021000-7fb148000000 ---p 00000000 00:00 0 
7fb148000000-7fb148021000 rw-p 00000000 00:00 0 
7fb148021000-7fb14c000000 ---p 00000000 00:00 0 
7fb14c5f0000-7fb14c5f3000 ---p 00000000 00:00 0 
7fb14c5f3000-7fb14c6f1000 rw-p 00000000 00:00 0 
7fb14c6f1000-7fb14c6f4000 ---p 00000000 00:00 0 
7fb14c6f4000-7fb14c7f2000 rw-p 00000000 00:00 0 
7fb14c7f2000-7fb14c7f5000 ---p 00000000 00:00 0 
7fb14c7f5000-7fb14c8f3000 rw-p 00000000 00:00 0 
7fb14c8f3000-7fb14c8f6000 ---p 00000000 00:00 0 
7fb14c8f6000-7fb14c9f4000 rw-p 00000000 00:00 0 
7fb14c9f4000-7fb14c9f7000 ---p 00000000 00:00 0 
7fb14c9f7000-7fb14caf5000 rw-p 00000000 00:00 0 
7fb14caf5000-7fb14caf6000 ---p 00000000 00:00 0 
7fb14caf6000-7fb14cbf6000 rw-p 00000000 00:00 0 
7fb14cbf6000-7fb14cbf9000 ---p 00000000 00:00 0 
7fb14cbf9000-7fb14ccf7000 rw-p 00000000 00:00 0 
7fb14ccf7000-7fb14ccfa000 ---p 00000000 00:00 0 
7fb14ccfa000-7fb14cdf8000 rw-p 00000000 00:00 0 
7fb14cdf8000-7fb14cdfb000 ---p 00000000 00:00 0 
7fb14cdfb000-7fb14cef9000 rw-p 00000000 00:00 0 
7fb14cef9000-7fb14cefc000 ---p 00000000 00:00 0 
7fb14cefc000-7fb14cffa000 rw-p 00000000 00:00 0 
7fb14cffa000-7fb14cffd000 ---p 00000000 00:00 0 
7fb14cffd000-7fb14d0fb000 rw-p 00000000 00:00 0 
7fb14d0fb000-7fb14d7f8000 r--p 00000000 08:03 4463917                    /usr/lib/locale/locale-archive
7fb14d7f8000-7fb14d7fb000 ---p 00000000 00:00 0 
7fb14d7fb000-7fb14d8f9000 rw-p 00000000 00:00 0 
7fb14d8f9000-7fb14d8fc000 ---p 00000000 00:00 0 
7fb14d8fc000-7fb14d9fa000 rw-p 00000000 00:00 0 
7fb14d9fa000-7fb14d9fb000 ---p 00000000 00:00 0 
7fb14d9fb000-7fb150000000 rw-p 00000000 00:00 0 
7fb150000000-7fb150021000 rw-p 00000000 00:00 0 
7fb150021000-7fb154000000 ---p 00000000 00:00 0 
7fb154096000-7fb154e40000 rw-p 00000000 00:00 0 
7fb154e40000-7fb155000000 ---p 00000000 00:00 0 
7fb155000000-7fb1553b0000 rwxp 00000000 00:00 0 
7fb1553b0000-7fb164000000 ---p 00000000 00:00 0 
7fb164000000-7fb16439f000 rw-p 00000000 00:00 0 
7fb16439f000-7fb168000000 ---p 00000000 00:00 0 
7fb168003000-7fb16800e000 r--s 0004b000 08:03 3409030                    /home/andres/Programming/The-Humdinger/Android src/Humdinger/app/build/intermediates/exploded-aar/com.android.support/support-v4/24.0.0/jars/libs/internal_impl-24.0.0.jar
7fb16800e000-7fb16801c000 r--s 000e0000 08:03 3408659                    /home/andres/Android/Sdk/build-tools/24.0.0/lib/dx.jar
7fb16801c000-7fb168361000 rw-p 00000000 00:00 0 
7fb168361000-7fb16853a000 r--s 03d29000 08:03 4605646                    /usr/lib/jvm/java-8-oracle/jre/lib/rt.jar
7fb16853a000-7fb1687b0000 rw-p 00000000 00:00 0 
7fb1687b0000-7fb1687b1000 ---p 00000000 00:00 0 
7fb1687b1000-7fb1688b1000 rw-p 00000000 00:00 0 
7fb1688b1000-7fb1688b2000 ---p 00000000 00:00 0 
7fb1688b2000-7fb1689b2000 rw-p 00000000 00:00 0 
7fb1689b2000-7fb1689b3000 ---p 00000000 00:00 0 
7fb1689b3000-7fb168ab3000 rw-p 00000000 00:00 0 
7fb168ab3000-7fb168ab4000 ---p 00000000 00:00 0 
7fb168ab4000-7fb168bc8000 rw-p 00000000 00:00 0 
7fb168bc8000-7fb168d0a000 ---p 00000000 00:00 0 
7fb168d0a000-7fb168d1e000 rw-p 00000000 00:00 0 
7fb168d1e000-7fb168e5f000 ---p 00000000 00:00 0 
7fb168e5f000-7fb168e71000 rw-p 00000000 00:00 0 
7fb168e71000-7fb168f0a000 ---p 00000000 00:00 0 
7fb168f0a000-7fb168f1a000 rw-p 00000000 00:00 0 
7fb168f1a000-7fb1692cb000 ---p 00000000 00:00 0 
7fb1692cb000-7fb1692e5000 r-xp 00000000 08:03 4605675                    /usr/lib/jvm/java-8-oracle/jre/lib/amd64/libzip.so
7fb1692e5000-7fb1694e5000 ---p 0001a000 08:03 4605675                    /usr/lib/jvm/java-8-oracle/jre/lib/amd64/libzip.so
7fb1694e5000-7fb1694e6000 rw-p 0001a000 08:03 4605675                    /usr/lib/jvm/java-8-oracle/jre/lib/amd64/libzip.so
7fb1694e6000-7fb1694f0000 r-xp 00000000 08:03 9175136                    /lib/x86_64-linux-gnu/libnss_files-2.21.so
7fb1694f0000-7fb1696f0000 ---p 0000a000 08:03 9175136                    /lib/x86_64-linux-gnu/libnss_files-2.21.so
7fb1696f0000-7fb1696f1000 r--p 0000a000 08:03 9175136                    /lib/x86_64-linux-gnu/libnss_files-2.21.so
7fb1696f1000-7fb1696f2000 rw-p 0000b000 08:03 9175136                    /lib/x86_64-linux-gnu/libnss_files-2.21.so
7fb1696f2000-7fb1696fd000 r-xp 00000000 08:03 9175223                    /lib/x86_64-linux-gnu/libnss_nis-2.21.so
7fb1696fd000-7fb1698fc000 ---p 0000b000 08:03 9175223                    /lib/x86_64-linux-gnu/libnss_nis-2.21.so
7fb1698fc000-7fb1698fd000 r--p 0000a000 08:03 9175223                    /lib/x86_64-linux-gnu/libnss_nis-2.21.so
7fb1698fd000-7fb1698fe000 rw-p 0000b000 08:03 9175223                    /lib/x86_64-linux-gnu/libnss_nis-2.21.so
7fb1698fe000-7fb169915000 r-xp 00000000 08:03 9175226                    /lib/x86_64-linux-gnu/libnsl-2.21.so
7fb169915000-7fb169b14000 ---p 00017000 08:03 9175226                    /lib/x86_64-linux-gnu/libnsl-2.21.so
7fb169b14000-7fb169b15000 r--p 00016000 08:03 9175226                    /lib/x86_64-linux-gnu/libnsl-2.21.so
7fb169b15000-7fb169b16000 rw-p 00017000 08:03 9175226                    /lib/x86_64-linux-gnu/libnsl-2.21.so
7fb169b16000-7fb169b18000 rw-p 00000000 00:00 0 
7fb169b18000-7fb169b20000 r-xp 00000000 08:03 9175141                    /lib/x86_64-linux-gnu/libnss_compat-2.21.so
7fb169b20000-7fb169d1f000 ---p 00008000 08:03 9175141                    /lib/x86_64-linux-gnu/libnss_compat-2.21.so
7fb169d1f000-7fb169d20000 r--p 00007000 08:03 9175141                    /lib/x86_64-linux-gnu/libnss_compat-2.21.so
7fb169d20000-7fb169d21000 rw-p 00008000 08:03 9175141                    /lib/x86_64-linux-gnu/libnss_compat-2.21.so
7fb169d21000-7fb169d4b000 r-xp 00000000 08:03 4605701                    /usr/lib/jvm/java-8-oracle/jre/lib/amd64/libjava.so
7fb169d4b000-7fb169f4b000 ---p 0002a000 08:03 4605701                    /usr/lib/jvm/java-8-oracle/jre/lib/amd64/libjava.so
7fb169f4b000-7fb169f4d000 rw-p 0002a000 08:03 4605701                    /usr/lib/jvm/java-8-oracle/jre/lib/amd64/libjava.so
7fb169f4d000-7fb169f5a000 r-xp 00000000 08:03 4605655                    /usr/lib/jvm/java-8-oracle/jre/lib/amd64/libverify.so
7fb169f5a000-7fb16a15a000 ---p 0000d000 08:03 4605655                    /usr/lib/jvm/java-8-oracle/jre/lib/amd64/libverify.so
7fb16a15a000-7fb16a15c000 rw-p 0000d000 08:03 4605655                    /usr/lib/jvm/java-8-oracle/jre/lib/amd64/libverify.so
7fb16a15c000-7fb16a163000 r-xp 00000000 08:03 9175137                    /lib/x86_64-linux-gnu/librt-2.21.so
7fb16a163000-7fb16a362000 ---p 00007000 08:03 9175137                    /lib/x86_64-linux-gnu/librt-2.21.so
7fb16a362000-7fb16a363000 r--p 00006000 08:03 9175137                    /lib/x86_64-linux-gnu/librt-2.21.so
7fb16a363000-7fb16a364000 rw-p 00007000 08:03 9175137                    /lib/x86_64-linux-gnu/librt-2.21.so
7fb16a364000-7fb16a46b000 r-xp 00000000 08:03 9175143                    /lib/x86_64-linux-gnu/libm-2.21.so
7fb16a46b000-7fb16a66a000 ---p 00107000 08:03 9175143                    /lib/x86_64-linux-gnu/libm-2.21.so
7fb16a66a000-7fb16a66b000 r--p 00106000 08:03 9175143                    /lib/x86_64-linux-gnu/libm-2.21.so
7fb16a66b000-7fb16a66c000 rw-p 00107000 08:03 9175143                    /lib/x86_64-linux-gnu/libm-2.21.so
7fb16a66c000-7fb16b337000 r-xp 00000000 08:03 4605705                    /usr/lib/jvm/java-8-oracle/jre/lib/amd64/server/libjvm.so
7fb16b337000-7fb16b536000 ---p 00ccb000 08:03 4605705                    /usr/lib/jvm/java-8-oracle/jre/lib/amd64/server/libjvm.so
7fb16b536000-7fb16b60f000 rw-p 00cca000 08:03 4605705                    /usr/lib/jvm/java-8-oracle/jre/lib/amd64/server/libjvm.so
7fb16b60f000-7fb16b65a000 rw-p 00000000 00:00 0 
7fb16b65a000-7fb16b81a000 r-xp 00000000 08:03 9175229                    /lib/x86_64-linux-gnu/libc-2.21.so
7fb16b81a000-7fb16ba1a000 ---p 001c0000 08:03 9175229                    /lib/x86_64-linux-gnu/libc-2.21.so
7fb16ba1a000-7fb16ba1e000 r--p 001c0000 08:03 9175229                    /lib/x86_64-linux-gnu/libc-2.21.so
7fb16ba1e000-7fb16ba20000 rw-p 001c4000 08:03 9175229                    /lib/x86_64-linux-gnu/libc-2.21.so
7fb16ba20000-7fb16ba24000 rw-p 00000000 00:00 0 
7fb16ba24000-7fb16ba27000 r-xp 00000000 08:03 9175216                    /lib/x86_64-linux-gnu/libdl-2.21.so
7fb16ba27000-7fb16bc26000 ---p 00003000 08:03 9175216                    /lib/x86_64-linux-gnu/libdl-2.21.so
7fb16bc26000-7fb16bc27000 r--p 00002000 08:03 9175216                    /lib/x86_64-linux-gnu/libdl-2.21.so
7fb16bc27000-7fb16bc28000 rw-p 00003000 08:03 9175216                    /lib/x86_64-linux-gnu/libdl-2.21.so
7fb16bc28000-7fb16bc3d000 r-xp 00000000 08:03 4480611                    /usr/lib/jvm/java-8-oracle/lib/amd64/jli/libjli.so
7fb16bc3d000-7fb16be3d000 ---p 00015000 08:03 4480611                    /usr/lib/jvm/java-8-oracle/lib/amd64/jli/libjli.so
7fb16be3d000-7fb16be3e000 rw-p 00015000 08:03 4480611                    /usr/lib/jvm/java-8-oracle/lib/amd64/jli/libjli.so
7fb16be3e000-7fb16be56000 r-xp 00000000 08:03 9175145                    /lib/x86_64-linux-gnu/libpthread-2.21.so
7fb16be56000-7fb16c056000 ---p 00018000 08:03 9175145                    /lib/x86_64-linux-gnu/libpthread-2.21.so
7fb16c056000-7fb16c057000 r--p 00018000 08:03 9175145                    /lib/x86_64-linux-gnu/libpthread-2.21.so
7fb16c057000-7fb16c058000 rw-p 00019000 08:03 9175145                    /lib/x86_64-linux-gnu/libpthread-2.21.so
7fb16c058000-7fb16c05c000 rw-p 00000000 00:00 0 
7fb16c05c000-7fb16c080000 r-xp 00000000 08:03 9175227                    /lib/x86_64-linux-gnu/ld-2.21.so
7fb16c084000-7fb16c156000 rw-p 00000000 00:00 0 
7fb16c156000-7fb16c159000 ---p 00000000 00:00 0 
7fb16c159000-7fb16c25b000 rw-p 00000000 00:00 0 
7fb16c25e000-7fb16c273000 rw-p 00000000 00:00 0 
7fb16c273000-7fb16c27b000 rw-s 00000000 08:03 8393060                    /tmp/hsperfdata_andres/7651
7fb16c27b000-7fb16c27c000 rw-p 00000000 00:00 0 
7fb16c27c000-7fb16c27d000 ---p 00000000 00:00 0 
7fb16c27d000-7fb16c27f000 rw-p 00000000 00:00 0 
7fb16c27f000-7fb16c280000 r--p 00023000 08:03 9175227                    /lib/x86_64-linux-gnu/ld-2.21.so
7fb16c280000-7fb16c281000 rw-p 00024000 08:03 9175227                    /lib/x86_64-linux-gnu/ld-2.21.so
7fb16c281000-7fb16c282000 rw-p 00000000 00:00 0 
7ffe51dfd000-7ffe51e1e000 rw-p 00000000 00:00 0                          [stack]
7ffe51eef000-7ffe51ef1000 r--p 00000000 00:00 0                          [vvar]
7ffe51ef1000-7ffe51ef3000 r-xp 00000000 00:00 0                          [vdso]
ffffffffff600000-ffffffffff601000 r-xp 00000000 00:00 0                  [vsyscall]

VM Arguments:
jvm_args: -Djava.awt.headless=true -Xmx1024M -Dfile.encoding=UTF-8 -Duser.country=US -Duser.language=en -Duser.variant 
java_command: com.android.dx.command.Main --dex --force-jumbo --num-threads=4 --output /home/andres/Programming/The-Humdinger/Android src/Humdinger/app/build/intermediates/pre-dexed/debug/internal_impl-24.0.0_433ed4c31e8ef6a0b9a5dfb4b38c690857aa20ce.jar /home/andres/Programming/The-Humdinger/Android src/Humdinger/app/build/intermediates/exploded-aar/com.android.support/support-v4/24.0.0/jars/libs/internal_impl-24.0.0.jar
java_class_path (initial): /home/andres/Android/Sdk/build-tools/24.0.0/lib/dx.jar
Launcher Type: SUN_STANDARD

Environment Variables:
PATH=/home/andres/.local/share/umake/bin:/usr/local/sbin:/usr/local/bin:/usr/sbin:/usr/bin:/sbin:/bin:/usr/games:/usr/local/games
LD_LIBRARY_PATH=/opt/android-studio/bin:
SHELL=/bin/bash
DISPLAY=:0.0

Signal Handlers:
SIGSEGV: [libjvm.so+0xac4790], sa_mask[0]=11111111011111111101111111111110, sa_flags=SA_RESTART|SA_SIGINFO
SIGBUS: [libjvm.so+0xac4790], sa_mask[0]=11111111011111111101111111111110, sa_flags=SA_RESTART|SA_SIGINFO
SIGFPE: [libjvm.so+0x91f140], sa_mask[0]=11111111011111111101111111111110, sa_flags=SA_RESTART|SA_SIGINFO
SIGPIPE: [libjvm.so+0x91f140], sa_mask[0]=11111111011111111101111111111110, sa_flags=SA_RESTART|SA_SIGINFO
SIGXFSZ: [libjvm.so+0x91f140], sa_mask[0]=11111111011111111101111111111110, sa_flags=SA_RESTART|SA_SIGINFO
SIGILL: [libjvm.so+0x91f140], sa_mask[0]=11111111011111111101111111111110, sa_flags=SA_RESTART|SA_SIGINFO
SIGUSR1: SIG_DFL, sa_mask[0]=00000000000000000000000000000000, sa_flags=none
SIGUSR2: [libjvm.so+0x920770], sa_mask[0]=00100000000000000000000000000000, sa_flags=SA_RESTART|SA_SIGINFO
SIGHUP: [libjvm.so+0x921b70], sa_mask[0]=11111111011111111101111111111110, sa_flags=SA_RESTART|SA_SIGINFO
SIGINT: [libjvm.so+0x921b70], sa_mask[0]=11111111011111111101111111111110, sa_flags=SA_RESTART|SA_SIGINFO
SIGTERM: [libjvm.so+0x921b70], sa_mask[0]=11111111011111111101111111111110, sa_flags=SA_RESTART|SA_SIGINFO
SIGQUIT: [libjvm.so+0x921b70], sa_mask[0]=11111111011111111101111111111110, sa_flags=SA_RESTART|SA_SIGINFO


---------------  S Y S T E M  ---------------

OS:DISTRIB_ID=Ubuntu
DISTRIB_RELEASE=15.10
DISTRIB_CODENAME=wily
DISTRIB_DESCRIPTION="Ubuntu 15.10"

uname:Linux 4.2.0-42-generic #49-Ubuntu SMP Tue Jun 28 21:26:26 UTC 2016 x86_64
libc:glibc 2.21 NPTL 2.21 
rlimit: STACK 8192k, CORE 0k, NPROC 14560, NOFILE 65536, AS infinity
load average:24,99 8,02 3,17

/proc/meminfo:
MemTotal:        3764200 kB
MemFree:          106724 kB
MemAvailable:      44136 kB
Buffers:             232 kB
Cached:           169232 kB
SwapCached:            0 kB
Active:          3373452 kB
Inactive:         132300 kB
Active(anon):    3370888 kB
Inactive(anon):   129628 kB
Active(file):       2564 kB
Inactive(file):     2672 kB
Unevictable:          32 kB
Mlocked:              32 kB
SwapTotal:             0 kB
SwapFree:              0 kB
Dirty:                56 kB
Writeback:             0 kB
AnonPages:       3336132 kB
Mapped:            67896 kB
Shmem:            164416 kB
Slab:              72516 kB
SReclaimable:      38528 kB
SUnreclaim:        33988 kB
KernelStack:       10128 kB
PageTables:        33704 kB
NFS_Unstable:          0 kB
Bounce:                0 kB
WritebackTmp:          0 kB
CommitLimit:     1882100 kB
Committed_AS:    6455928 kB
VmallocTotal:   34359738367 kB
VmallocUsed:      349200 kB
VmallocChunk:   34358947836 kB
HardwareCorrupted:     0 kB
AnonHugePages:   1572864 kB
CmaTotal:              0 kB
CmaFree:               0 kB
HugePages_Total:       0
HugePages_Free:        0
HugePages_Rsvd:        0
HugePages_Surp:        0
Hugepagesize:       2048 kB
DirectMap4k:      109052 kB
DirectMap2M:     3801088 kB


CPU:total 4 (2 cores per cpu, 2 threads per core) family 6 model 58 stepping 9, cmov, cx8, fxsr, mmx, sse, sse2, sse3, ssse3, sse4.1, sse4.2, popcnt, avx, aes, clmul, erms, ht, tsc, tscinvbit, tscinv

/proc/cpuinfo:
processor	: 0
vendor_id	: GenuineIntel
cpu family	: 6
model		: 58
model name	: Intel(R) Core(TM) i5-3320M CPU @ 2.60GHz
stepping	: 9
microcode	: 0x1b
cpu MHz		: 3099.992
cache size	: 3072 KB
physical id	: 0
siblings	: 4
core id		: 0
cpu cores	: 2
apicid		: 0
initial apicid	: 0
fpu		: yes
fpu_exception	: yes
cpuid level	: 13
wp		: yes
flags		: fpu vme de pse tsc msr pae mce cx8 apic sep mtrr pge mca cmov pat pse36 clflush dts acpi mmx fxsr sse sse2 ss ht tm pbe syscall nx rdtscp lm constant_tsc arch_perfmon pebs bts rep_good nopl xtopology nonstop_tsc aperfmperf eagerfpu pni pclmulqdq dtes64 monitor ds_cpl vmx smx est tm2 ssse3 cx16 xtpr pdcm pcid sse4_1 sse4_2 x2apic popcnt tsc_deadline_timer aes xsave avx f16c rdrand lahf_lm ida arat epb pln pts dtherm tpr_shadow vnmi flexpriority ept vpid fsgsbase smep erms xsaveopt
bugs		:
bogomips	: 5188.03
clflush size	: 64
cache_alignment	: 64
address sizes	: 36 bits physical, 48 bits virtual
power management:

processor	: 1
vendor_id	: GenuineIntel
cpu family	: 6
model		: 58
model name	: Intel(R) Core(TM) i5-3320M CPU @ 2.60GHz
stepping	: 9
microcode	: 0x1b
cpu MHz		: 3099.890
cache size	: 3072 KB
physical id	: 0
siblings	: 4
core id		: 0
cpu cores	: 2
apicid		: 1
initial apicid	: 1
fpu		: yes
fpu_exception	: yes
cpuid level	: 13
wp		: yes
flags		: fpu vme de pse tsc msr pae mce cx8 apic sep mtrr pge mca cmov pat pse36 clflush dts acpi mmx fxsr sse sse2 ss ht tm pbe syscall nx rdtscp lm constant_tsc arch_perfmon pebs bts rep_good nopl xtopology nonstop_tsc aperfmperf eagerfpu pni pclmulqdq dtes64 monitor ds_cpl vmx smx est tm2 ssse3 cx16 xtpr pdcm pcid sse4_1 sse4_2 x2apic popcnt tsc_deadline_timer aes xsave avx f16c rdrand lahf_lm ida arat epb pln pts dtherm tpr_shadow vnmi flexpriority ept vpid fsgsbase smep erms xsaveopt
bugs		:
bogomips	: 5188.03
clflush size	: 64
cache_alignment	: 64
address sizes	: 36 bits physical, 48 bits virtual
power management:

processor	: 2
vendor_id	: GenuineIntel
cpu family	: 6
model		: 58
model name	: Intel(R) Core(TM) i5-3320M CPU @ 2.60GHz
stepping	: 9
microcode	: 0x1b
cpu MHz		: 2796.929
cache size	: 3072 KB
physical id	: 0
siblings	: 4
core id		: 1
cpu cores	: 2
apicid		: 2
initial apicid	: 2
fpu		: yes
fpu_exception	: yes
cpuid level	: 13
wp		: yes
flags		: fpu vme de pse tsc msr pae mce cx8 apic sep mtrr pge mca cmov pat pse36 clflush dts acpi mmx fxsr sse sse2 ss ht tm pbe syscall nx rdtscp lm constant_tsc arch_perfmon pebs bts rep_good nopl xtopology nonstop_tsc aperfmperf eagerfpu pni pclmulqdq dtes64 monitor ds_cpl vmx smx est tm2 ssse3 cx16 xtpr pdcm pcid sse4_1 sse4_2 x2apic popcnt tsc_deadline_timer aes xsave avx f16c rdrand lahf_lm ida arat epb pln pts dtherm tpr_shadow vnmi flexpriority ept vpid fsgsbase smep erms xsaveopt
bugs		:
bogomips	: 5188.03
clflush size	: 64
cache_alignment	: 64
address sizes	: 36 bits physical, 48 bits virtual
power management:

processor	: 3
vendor_id	: GenuineIntel
cpu family	: 6
model		: 58
model name	: Intel(R) Core(TM) i5-3320M CPU @ 2.60GHz
stepping	: 9
microcode	: 0x1b
cpu MHz		: 3024.531
cache size	: 3072 KB
physical id	: 0
siblings	: 4
core id		: 1
cpu cores	: 2
apicid		: 3
initial apicid	: 3
fpu		: yes
fpu_exception	: yes
cpuid level	: 13
wp		: yes
flags		: fpu vme de pse tsc msr pae mce cx8 apic sep mtrr pge mca cmov pat pse36 clflush dts acpi mmx fxsr sse sse2 ss ht tm pbe syscall nx rdtscp lm constant_tsc arch_perfmon pebs bts rep_good nopl xtopology nonstop_tsc aperfmperf eagerfpu pni pclmulqdq dtes64 monitor ds_cpl vmx smx est tm2 ssse3 cx16 xtpr pdcm pcid sse4_1 sse4_2 x2apic popcnt tsc_deadline_timer aes xsave avx f16c rdrand lahf_lm ida arat epb pln pts dtherm tpr_shadow vnmi flexpriority ept vpid fsgsbase smep erms xsaveopt
bugs		:
bogomips	: 5188.03
clflush size	: 64
cache_alignment	: 64
address sizes	: 36 bits physical, 48 bits virtual
power management:



Memory: 4k page, physical 3764200k(106372k free), swap 0k(0k free)

vm_info: Java HotSpot(TM) 64-Bit Server VM (25.101-b13) for linux-amd64 JRE (1.8.0_101-b13), built on Jun 22 2016 02:59:44 by "java_re" with gcc 4.3.0 20080428 (Red Hat 4.3.0-8)

time: Sun Aug 14 12:22:23 2016
elapsed time: 65 seconds (0d 0h 1m 5s)

